<?xml version="1.0" encoding="UTF-8"?>
<!-- Generated by org.testng.reporters.JUnitReportReporter -->
<testsuite skipped="0" hostname="MAA-SGH705PSS1" name="buildtest.MuscatBuild" tests="2" failures="0" timestamp="06 Jun 2018 06:37:37 GMT" time="61.631" errors="0">
  <testcase name="muscat" time="34.946" classname="buildtest.MuscatBuild"/>
  <testcase name="pinot" time="26.685" classname="buildtest.MuscatBuild"/>
</testsuite> <!-- buildtest.MuscatBuild -->
